<?xml version="1.0" encoding="UTF-8"?>
<!-- Generated by org.testng.reporters.JUnitReportReporter -->
<testsuite hostname="admin-PC" failures="0" tests="1" name="InternAssignment.OpenCart.TestExcel" time="0.013" errors="0" timestamp="27 May 2021 06:58:56 GMT">
  <testcase classname="InternAssignment.OpenCart.TestExcel" name="test1" time="0.013"/>
</testsuite> <!-- InternAssignment.OpenCart.TestExcel -->
