<?xml version="1.0" encoding="UTF-8"?>
<!-- Generated by org.testng.reporters.JUnitReportReporter -->
<testsuite hostname="admin-PC" failures="0" tests="1" name="InternAssignment.OpenCart.registrationPage" time="7.013" errors="0" timestamp="27 May 2021 12:44:48 GMT">
  <testcase classname="InternAssignment.OpenCart.registrationPage" name="registration" time="7.013"/>
</testsuite> <!-- InternAssignment.OpenCart.registrationPage -->
